<?xml version="1.0" encoding="UTF-8"?>
<!-- Generated by org.testng.reporters.JUnitReportReporter -->
<testsuite hostname="abdulraheemPC" failures="0" tests="10" name="AutomationFinalProject_aprilHTU.AutomationFinalProject_aprilHTU.AppTest" time="62.944" errors="0" timestamp="2025-05-10T11:31:27 GMT+03:00" skipped="7">
  <testcase classname="AutomationFinalProject_aprilHTU.AutomationFinalProject_aprilHTU.AppTest" name="ChangeTheWebsiteLanaguage" time="2.730"/>
  <testcase classname="AutomationFinalProject_aprilHTU.AutomationFinalProject_aprilHTU.AppTest" name="RandomlySelectCity" time="60.204"/>
  <testcase classname="AutomationFinalProject_aprilHTU.AutomationFinalProject_aprilHTU.AppTest" name="CheckTheResultIsretrived" time="0.010"/>
  <testcase classname="AutomationFinalProject_aprilHTU.AutomationFinalProject_aprilHTU.AppTest" name="CheckWebSiteLanaguage">
    <skipped/>
  </testcase> <!-- CheckWebSiteLanaguage -->
  <testcase classname="AutomationFinalProject_aprilHTU.AutomationFinalProject_aprilHTU.AppTest" name="CheckCurrency">
    <skipped/>
  </testcase> <!-- CheckCurrency -->
  <testcase classname="AutomationFinalProject_aprilHTU.AutomationFinalProject_aprilHTU.AppTest" name="CheckContactNumber">
    <skipped/>
  </testcase> <!-- CheckContactNumber -->
  <testcase classname="AutomationFinalProject_aprilHTU.AutomationFinalProject_aprilHTU.AppTest" name="CheckHotelTabIsNotSelected">
    <skipped/>
  </testcase> <!-- CheckHotelTabIsNotSelected -->
  <testcase classname="AutomationFinalProject_aprilHTU.AutomationFinalProject_aprilHTU.AppTest" name="FLightDepatureDate">
    <skipped/>
  </testcase> <!-- FLightDepatureDate -->
  <testcase classname="AutomationFinalProject_aprilHTU.AutomationFinalProject_aprilHTU.AppTest" name="CheckQitafLogo">
    <skipped/>
  </testcase> <!-- CheckQitafLogo -->
  <testcase classname="AutomationFinalProject_aprilHTU.AutomationFinalProject_aprilHTU.AppTest" name="FlightReturnDate">
    <skipped/>
  </testcase> <!-- FlightReturnDate -->
</testsuite> <!-- AutomationFinalProject_aprilHTU.AutomationFinalProject_aprilHTU.AppTest -->
