<?xml version="1.0" encoding="UTF-8"?>
<!-- Generated by org.testng.reporters.JUnitReportReporter -->
<testsuite hostname="abdulraheemPC" failures="0" tests="10" name="AutomationFinalProject_aprilHTU.AutomationFinalProject_aprilHTU.AppTest" time="5.504" errors="0" timestamp="2025-05-10T12:16:47 GMT+03:00" skipped="0">
  <testcase classname="AutomationFinalProject_aprilHTU.AutomationFinalProject_aprilHTU.AppTest" name="CheckWebSiteLanaguage" time="0.023"/>
  <testcase classname="AutomationFinalProject_aprilHTU.AutomationFinalProject_aprilHTU.AppTest" name="CheckCurrency" time="0.021"/>
  <testcase classname="AutomationFinalProject_aprilHTU.AutomationFinalProject_aprilHTU.AppTest" name="CheckContactNumber" time="0.014"/>
  <testcase classname="AutomationFinalProject_aprilHTU.AutomationFinalProject_aprilHTU.AppTest" name="CheckQitafLogo" time="0.037"/>
  <testcase classname="AutomationFinalProject_aprilHTU.AutomationFinalProject_aprilHTU.AppTest" name="CheckHotelTabIsNotSelected" time="0.014"/>
  <testcase classname="AutomationFinalProject_aprilHTU.AutomationFinalProject_aprilHTU.AppTest" name="FLightDepatureDate" time="0.017"/>
  <testcase classname="AutomationFinalProject_aprilHTU.AutomationFinalProject_aprilHTU.AppTest" name="FlightReturnDate" time="0.016"/>
  <testcase classname="AutomationFinalProject_aprilHTU.AutomationFinalProject_aprilHTU.AppTest" name="ChangeTheWebsiteLanaguage" time="2.680"/>
  <testcase classname="AutomationFinalProject_aprilHTU.AutomationFinalProject_aprilHTU.AppTest" name="RandomlySelectCity" time="2.274"/>
  <testcase classname="AutomationFinalProject_aprilHTU.AutomationFinalProject_aprilHTU.AppTest" name="CheckTheResultIsretrived" time="0.408"/>
</testsuite> <!-- AutomationFinalProject_aprilHTU.AutomationFinalProject_aprilHTU.AppTest -->
