<?xml version="1.0" encoding="UTF-8"?>
<!-- Generated by org.testng.reporters.JUnitReportReporter -->
<testsuite hostname="abdulraheemPC" failures="0" tests="10" name="AutomationFinalProject_aprilHTU.AutomationFinalProject_aprilHTU.AppTest" time="0.091" errors="0" timestamp="2025-05-07T18:59:47 GMT+03:00" skipped="8">
  <testcase classname="AutomationFinalProject_aprilHTU.AutomationFinalProject_aprilHTU.AppTest" name="FLightDepatureDate" time="0.048"/>
  <testcase classname="AutomationFinalProject_aprilHTU.AutomationFinalProject_aprilHTU.AppTest" name="FlightReturnDate" time="0.043"/>
  <testcase classname="AutomationFinalProject_aprilHTU.AutomationFinalProject_aprilHTU.AppTest" name="CheckWebSiteLanaguage">
    <skipped/>
  </testcase> <!-- CheckWebSiteLanaguage -->
  <testcase classname="AutomationFinalProject_aprilHTU.AutomationFinalProject_aprilHTU.AppTest" name="CheckCurrency">
    <skipped/>
  </testcase> <!-- CheckCurrency -->
  <testcase classname="AutomationFinalProject_aprilHTU.AutomationFinalProject_aprilHTU.AppTest" name="CheckHotelTabIsNotSelected">
    <skipped/>
  </testcase> <!-- CheckHotelTabIsNotSelected -->
  <testcase classname="AutomationFinalProject_aprilHTU.AutomationFinalProject_aprilHTU.AppTest" name="CheckTheResultsIsretrived">
    <skipped/>
  </testcase> <!-- CheckTheResultsIsretrived -->
  <testcase classname="AutomationFinalProject_aprilHTU.AutomationFinalProject_aprilHTU.AppTest" name="CheckQitafLogo">
    <skipped/>
  </testcase> <!-- CheckQitafLogo -->
  <testcase classname="AutomationFinalProject_aprilHTU.AutomationFinalProject_aprilHTU.AppTest" name="RandomlySelectCity">
    <skipped/>
  </testcase> <!-- RandomlySelectCity -->
  <testcase classname="AutomationFinalProject_aprilHTU.AutomationFinalProject_aprilHTU.AppTest" name="CheckContactNumber">
    <skipped/>
  </testcase> <!-- CheckContactNumber -->
  <testcase classname="AutomationFinalProject_aprilHTU.AutomationFinalProject_aprilHTU.AppTest" name="ChangeTheWebsiteLanaguage">
    <skipped/>
  </testcase> <!-- ChangeTheWebsiteLanaguage -->
</testsuite> <!-- AutomationFinalProject_aprilHTU.AutomationFinalProject_aprilHTU.AppTest -->
